<?xml version="1.0" encoding="UTF-8"?>
<!-- Generated by org.testng.reporters.JUnitReportReporter -->
<testsuite skipped="0" hostname="DESKTOP-HE1M4GP" name="smoketests.LoginPresentTestNG" tests="1" failures="0" timestamp="08 Jan 2018 23:14:45 GMT" time="5.754" errors="0">
  <testcase name="loginElementsPresentTest" time="5.754" classname="smoketests.LoginPresentTestNG"/>
</testsuite> <!-- smoketests.LoginPresentTestNG -->
