<?xml version="1.0" encoding="UTF-8"?>
<!-- Generated by org.testng.reporters.JUnitReportReporter -->
<testsuite skipped="0" hostname="DESKTOP-HE1M4GP" name="tests.LoginDDT" tests="4" failures="0" timestamp="15 Jan 2018 23:58:21 GMT" time="50.225" errors="0">
  <testcase name="logInTest" time="17.606" classname="tests.LoginDDT"/>
  <testcase name="logInTest" time="11.237" classname="tests.LoginDDT"/>
  <testcase name="logInTest" time="10.296" classname="tests.LoginDDT"/>
  <testcase name="logInTest" time="11.086" classname="tests.LoginDDT"/>
</testsuite> <!-- tests.LoginDDT -->
